<?xml version="1.0" encoding="utf-8"?><testsuites name="pytest tests"><testsuite name="pytest" errors="0" failures="2" skipped="0" tests="11" time="0.846" timestamp="2026-05-02T19:48:42.003555+00:00" hostname="agent-env-14841f3c-2db3-4b4e-9fa7-386bf788dcdf"><testcase classname="backend.tests.backend_test" name="test_api_root" time="0.197" /><testcase classname="backend.tests.backend_test.TestProducts" name="test_get_products_returns_three" time="0.048" /><testcase classname="backend.tests.backend_test.TestProducts" name="test_product_prices" time="0.047" /><testcase classname="backend.tests.backend_test.TestProducts" name="test_product_schema" time="0.045" /><testcase classname="backend.tests.backend_test.TestProducts" name="test_get_single_product" time="0.053" /><testcase classname="backend.tests.backend_test.TestProducts" name="test_get_single_product_not_found" time="0.046" /><testcase classname="backend.tests.backend_test.TestContact" name="test_contact_submit_success" time="0.066" /><testcase classname="backend.tests.backend_test.TestContact" name="test_contact_missing_fields" time="0.044" /><testcase classname="backend.tests.backend_test.TestCheckout" name="test_checkout_valid" time="0.049"><failure message="AssertionError: {&quot;detail&quot;:[{&quot;type&quot;:&quot;int_parsing&quot;,&quot;loc&quot;:[&quot;body&quot;,&quot;items&quot;,0,&quot;product_id&quot;],&quot;msg&quot;:&quot;Input should be a valid integer, unable to parse string as an integer&quot;,&quot;input&quot;:&quot;fidget-cone&quot;,&quot;url&quot;:&quot;https://errors.pydantic.dev/2.12/v/int_parsing&quot;},{&quot;type&quot;:&quot;int_parsing&quot;,&quot;loc&quot;:[&quot;body&quot;,&quot;items&quot;,1,&quot;product_id&quot;],&quot;msg&quot;:&quot;Input should be a valid integer, unable to parse string as an integer&quot;,&quot;input&quot;:&quot;party-hat&quot;,&quot;url&quot;:&quot;https://errors.pydantic.dev/2.12/v/int_parsing&quot;}]}&#10;assert 422 == 200&#10; +  where 422 = &lt;Response [422]&gt;.status_code">backend/tests/backend_test.py:88: in test_checkout_valid
    assert r.status_code == 200, r.text
E   AssertionError: {"detail":[{"type":"int_parsing","loc":["body","items",0,"product_id"],"msg":"Input should be a valid integer, unable to parse string as an integer","input":"fidget-cone","url":"https://errors.pydantic.dev/2.12/v/int_parsing"},{"type":"int_parsing","loc":["body","items",1,"product_id"],"msg":"Input should be a valid integer, unable to parse string as an integer","input":"party-hat","url":"https://errors.pydantic.dev/2.12/v/int_parsing"}]}
E   assert 422 == 200
E    +  where 422 = &lt;Response [422]&gt;.status_code</failure></testcase><testcase classname="backend.tests.backend_test.TestCheckout" name="test_checkout_empty_cart" time="0.051" /><testcase classname="backend.tests.backend_test.TestCheckout" name="test_checkout_invalid_product" time="0.049"><failure message="assert 422 == 400&#10; +  where 422 = &lt;Response [422]&gt;.status_code">backend/tests/backend_test.py:104: in test_checkout_invalid_product
    assert r.status_code == 400
E   assert 422 == 400
E    +  where 422 = &lt;Response [422]&gt;.status_code</failure></testcase></testsuite></testsuites>